<?xml version='1.0' encoding='UTF-8'?>
<testsuite hostname="olakunles-MacBook-Pro.local" name="com.sky.ServicesTest" tests="3" errors="0" failures="0" skipped="0" time="0.0" timestamp="2023-08-05T02:04:51">
          <properties>
[...]
</properties>
          <testcase classname="com.sky.ServicesTest" name="successfully matches preferred and movie levels" time="0.0">
                      
                    </testcase><testcase classname="com.sky.ServicesTest" name="fails when preferred level doesn't match movie level" time="0.0">
                      
                    </testcase><testcase classname="com.sky.ServicesTest" name="propagates error when movie is not found" time="0.0">
                      
                    </testcase>
          <system-out><![CDATA[]]></system-out>
          <system-err><![CDATA[]]></system-err>
        </testsuite>